  Minesweeper.c
C:\Minesweeper\Minesweeper\Minesweeper\Minesweeper\Minesweeper.c(114,2): warning C4996: 'sprintf': This function or variable may be unsafe. Consider using sprintf_s instead. To disable deprecation, use _CRT_SECURE_NO_WARNINGS. See online help for details.
C:\Minesweeper\Minesweeper\Minesweeper\Minesweeper\Minesweeper.c(181,7): warning C4996: 'kbhit': The POSIX name for this item is deprecated. Instead, use the ISO C and C++ conformant name: _kbhit. See online help for details.
C:\Minesweeper\Minesweeper\Minesweeper\Minesweeper\Minesweeper.c(182,9): warning C4996: 'getch': The POSIX name for this item is deprecated. Instead, use the ISO C and C++ conformant name: _getch. See online help for details.
C:\Minesweeper\Minesweeper\Minesweeper\Minesweeper\Minesweeper.c(226,3): warning C4996: 'scanf': This function or variable may be unsafe. Consider using scanf_s instead. To disable deprecation, use _CRT_SECURE_NO_WARNINGS. See online help for details.
C:\Minesweeper\Minesweeper\Minesweeper\Minesweeper\Minesweeper.c(256,3): warning C4996: 'scanf': This function or variable may be unsafe. Consider using scanf_s instead. To disable deprecation, use _CRT_SECURE_NO_WARNINGS. See online help for details.
C:\Minesweeper\Minesweeper\Minesweeper\Minesweeper\Minesweeper.c(287,3): warning C4996: 'scanf': This function or variable may be unsafe. Consider using scanf_s instead. To disable deprecation, use _CRT_SECURE_NO_WARNINGS. See online help for details.
C:\Minesweeper\Minesweeper\Minesweeper\Minesweeper\Minesweeper.c(349,7): warning C4996: 'kbhit': The POSIX name for this item is deprecated. Instead, use the ISO C and C++ conformant name: _kbhit. See online help for details.
C:\Minesweeper\Minesweeper\Minesweeper\Minesweeper\Minesweeper.c(350,9): warning C4996: 'getch': The POSIX name for this item is deprecated. Instead, use the ISO C and C++ conformant name: _getch. See online help for details.
C:\Minesweeper\Minesweeper\Minesweeper\Minesweeper\Minesweeper.c(505,8): warning C4244: '함수': 'time_t'에서 'unsigned int'(으)로 변환하면서 데이터가 손실될 수 있습니다.
C:\Minesweeper\Minesweeper\Minesweeper\Minesweeper\Minesweeper.c(856,7): warning C4996: 'localtime': This function or variable may be unsafe. Consider using localtime_s instead. To disable deprecation, use _CRT_SECURE_NO_WARNINGS. See online help for details.
C:\Minesweeper\Minesweeper\Minesweeper\Minesweeper\Minesweeper.c(865,13): warning C4996: 'fopen': This function or variable may be unsafe. Consider using fopen_s instead. To disable deprecation, use _CRT_SECURE_NO_WARNINGS. See online help for details.
C:\Minesweeper\Minesweeper\Minesweeper\Minesweeper\Minesweeper.c(866,9): warning C4996: 'fopen': This function or variable may be unsafe. Consider using fopen_s instead. To disable deprecation, use _CRT_SECURE_NO_WARNINGS. See online help for details.
C:\Minesweeper\Minesweeper\Minesweeper\Minesweeper\Minesweeper.c(870,13): warning C4996: 'fopen': This function or variable may be unsafe. Consider using fopen_s instead. To disable deprecation, use _CRT_SECURE_NO_WARNINGS. See online help for details.
C:\Minesweeper\Minesweeper\Minesweeper\Minesweeper\Minesweeper.c(871,9): warning C4996: 'fopen': This function or variable may be unsafe. Consider using fopen_s instead. To disable deprecation, use _CRT_SECURE_NO_WARNINGS. See online help for details.
C:\Minesweeper\Minesweeper\Minesweeper\Minesweeper\Minesweeper.c(875,13): warning C4996: 'fopen': This function or variable may be unsafe. Consider using fopen_s instead. To disable deprecation, use _CRT_SECURE_NO_WARNINGS. See online help for details.
C:\Minesweeper\Minesweeper\Minesweeper\Minesweeper\Minesweeper.c(876,9): warning C4996: 'fopen': This function or variable may be unsafe. Consider using fopen_s instead. To disable deprecation, use _CRT_SECURE_NO_WARNINGS. See online help for details.
C:\Minesweeper\Minesweeper\Minesweeper\Minesweeper\Minesweeper.c(1021,7): warning C4996: 'kbhit': The POSIX name for this item is deprecated. Instead, use the ISO C and C++ conformant name: _kbhit. See online help for details.
C:\Minesweeper\Minesweeper\Minesweeper\Minesweeper\Minesweeper.c(1022,9): warning C4996: 'getch': The POSIX name for this item is deprecated. Instead, use the ISO C and C++ conformant name: _getch. See online help for details.
C:\Minesweeper\Minesweeper\Minesweeper\Minesweeper\Minesweeper.c(1044,7): warning C4996: 'kbhit': The POSIX name for this item is deprecated. Instead, use the ISO C and C++ conformant name: _kbhit. See online help for details.
C:\Minesweeper\Minesweeper\Minesweeper\Minesweeper\Minesweeper.c(1045,9): warning C4996: 'getch': The POSIX name for this item is deprecated. Instead, use the ISO C and C++ conformant name: _getch. See online help for details.
C:\Minesweeper\Minesweeper\Minesweeper\Minesweeper\Minesweeper.c(1048,10): warning C4996: 'fopen': This function or variable may be unsafe. Consider using fopen_s instead. To disable deprecation, use _CRT_SECURE_NO_WARNINGS. See online help for details.
C:\Minesweeper\Minesweeper\Minesweeper\Minesweeper\Minesweeper.c(1057,10): warning C4996: 'fopen': This function or variable may be unsafe. Consider using fopen_s instead. To disable deprecation, use _CRT_SECURE_NO_WARNINGS. See online help for details.
C:\Minesweeper\Minesweeper\Minesweeper\Minesweeper\Minesweeper.c(1066,10): warning C4996: 'fopen': This function or variable may be unsafe. Consider using fopen_s instead. To disable deprecation, use _CRT_SECURE_NO_WARNINGS. See online help for details.
C:\Minesweeper\Minesweeper\Minesweeper\Minesweeper\Minesweeper.c(1142,15): warning C4244: '=': 'time_t'에서 'int'(으)로 변환하면서 데이터가 손실될 수 있습니다.
C:\Minesweeper\Minesweeper\Minesweeper\Minesweeper\Minesweeper.c(1144,25): warning C4244: '=': 'time_t'에서 'int'(으)로 변환하면서 데이터가 손실될 수 있습니다.
C:\Minesweeper\Minesweeper\Minesweeper\Minesweeper\Minesweeper.c(1148,7): warning C4996: 'kbhit': The POSIX name for this item is deprecated. Instead, use the ISO C and C++ conformant name: _kbhit. See online help for details.
C:\Minesweeper\Minesweeper\Minesweeper\Minesweeper\Minesweeper.c(1149,9): warning C4996: 'getch': The POSIX name for this item is deprecated. Instead, use the ISO C and C++ conformant name: _getch. See online help for details.
C:\Minesweeper\Minesweeper\Minesweeper\Minesweeper\Minesweeper.c(1151,10): warning C4996: 'getch': The POSIX name for this item is deprecated. Instead, use the ISO C and C++ conformant name: _getch. See online help for details.
C:\Minesweeper\Minesweeper\Minesweeper\Minesweeper\Minesweeper.c(1216,7): warning C4996: 'kbhit': The POSIX name for this item is deprecated. Instead, use the ISO C and C++ conformant name: _kbhit. See online help for details.
C:\Minesweeper\Minesweeper\Minesweeper\Minesweeper\Minesweeper.c(1217,9): warning C4996: 'getch': The POSIX name for this item is deprecated. Instead, use the ISO C and C++ conformant name: _getch. See online help for details.
C:\Minesweeper\Minesweeper\Minesweeper\Minesweeper\Minesweeper.c(1090,6): warning C4101: 'select_Menu' :참조되지 않은 지역 변수입니다.
C:\Minesweeper\Minesweeper\Minesweeper\Minesweeper\Minesweeper.c(1035): warning C4716: 'show_Ranking': 값을 반환해야 합니다.
  Minesweeper.vcxproj -> C:\Minesweeper\Minesweeper\Minesweeper\x64\Debug\Minesweeper.exe
